2018-11-21-main-INFO -com.cg.obs.presentation.Client:log4j configured
2018-11-21-main-INFO -com.cg.obs.presentation.Client:selected option is :6
2018-11-21-main-INFO -com.cg.obs.presentation.Client:log4j configured
2018-11-21-main-ERROR-com.cg.obs.presentation.Client: User entered Invalid option
2018-11-21-main-INFO -com.cg.obs.presentation.Client:log4j configured
2018-11-21-main-INFO -com.cg.obs.presentation.Client:selected option is :2
2018-11-24-main-INFO -com.cg.obs.dao.DaoImpl:Connection Established
2018-11-24-main-INFO -com.cg.obs.dao.DaoImpl:Connection Established
2018-11-24-main-INFO -com.cg.obs.dao.DaoImpl:Connection Established
2018-11-24-main-INFO -com.cg.obs.dao.DaoImpl:Connection Established
2018-11-24-main-INFO -com.cg.obs.dao.DaoImpl:Connection Established
2018-11-24-main-INFO -com.cg.obs.dao.DaoImpl:Connection Established
2018-11-24-main-INFO -com.cg.obs.dao.DaoImpl:Connection Established
2018-11-24-main-INFO -com.cg.obs.dao.DaoImpl:Connection Established
2018-11-24-main-INFO -com.cg.obs.dao.DaoImpl:Connection Established
2018-11-24-main-INFO -com.cg.obs.dao.DaoImpl:Connection Established
2018-11-24-main-INFO -com.cg.obs.dao.DaoImpl:Connection Established
2018-11-24-main-INFO -com.cg.obs.dao.DaoImpl:Connection Established
2018-11-24-main-INFO -com.cg.obs.dao.DaoImpl:Connection Established
2018-11-24-main-INFO -com.cg.obs.dao.DaoImpl:Connection Established
2018-11-24-main-INFO -com.cg.obs.dao.DaoImpl:Connection Established
2018-11-24-main-INFO -com.cg.obs.dao.DaoImpl:Connection Established
2018-11-24-main-INFO -com.cg.obs.dao.DaoImpl:Connection Established
2018-11-24-main-INFO -com.cg.obs.dao.DaoImpl:Connection Established
2018-11-24-main-INFO -com.cg.obs.dao.DaoImpl:Connection Established
2018-11-24-main-INFO -com.cg.obs.presentation.Client:log4j configured
2018-11-24-main-INFO -com.cg.obs.presentation.Client:selected option is :2
2018-11-24-main-INFO -com.cg.obs.dao.DaoImpl:Connection Established
2018-11-24-main-INFO -com.cg.obs.dao.DaoImpl:Connection Established
2018-11-24-main-INFO -com.cg.obs.presentation.Client:selected option is :1
2018-11-24-main-INFO -com.cg.obs.dao.DaoImpl:Connection Established
2018-11-28-main-INFO -com.cg.obs.presentation.Client:log4j configured
2018-11-28-main-INFO -com.cg.obs.presentation.Client:selected option is :1
2018-11-28-main-INFO -com.cg.obs.presentation.Client:selected option is :1
2018-11-28-main-INFO -com.cg.obs.service.ServiceImpl:in validation account method
2018-11-28-main-INFO -com.cg.obs.dao.DaoImpl:Connection Established
2018-11-28-main-INFO -com.cg.obs.dao.DaoImpl:Connection Established
2018-11-28-main-INFO -com.cg.obs.dao.DaoImpl:Connection Established
2018-12-03-main-INFO -com.cg.obs.presentation.Client:log4j configured
2018-12-03-main-INFO -com.cg.obs.presentation.Client:selected option is :1
2018-12-03-main-INFO -com.cg.obs.presentation.Client:log4j configured
2018-12-03-main-INFO -com.cg.obs.presentation.Client:selected option is :2
2018-12-03-main-INFO -com.cg.obs.dao.DaoImpl:Connection Established
2018-12-03-main-INFO -com.cg.obs.presentation.Client:log4j configured
2018-12-03-main-INFO -com.cg.obs.presentation.Client:selected option is :2
2018-12-03-main-INFO -com.cg.obs.dao.DaoImpl:Connection Established
2018-12-03-main-INFO -com.cg.obs.dao.DaoImpl:Connection Established
2018-12-03-main-INFO -com.cg.obs.presentation.Client:selected option is :6
2018-12-03-main-INFO -com.cg.obs.dao.DaoImpl:Connection Established
2018-12-03-main-INFO -com.cg.obs.presentation.Client:log4j configured
2018-12-03-main-INFO -com.cg.obs.presentation.Client:selected option is :2
2018-12-03-main-INFO -com.cg.obs.dao.DaoImpl:Connection Established
2018-12-03-main-INFO -com.cg.obs.dao.DaoImpl:Connection Established
2018-12-03-main-INFO -com.cg.obs.presentation.Client:selected option is :6
2018-12-03-main-INFO -com.cg.obs.dao.DaoImpl:Connection Established
2018-12-03-main-INFO -com.cg.obs.presentation.Client:log4j configured
2018-12-03-main-INFO -com.cg.obs.presentation.Client:selected option is :2
2018-12-03-main-INFO -com.cg.obs.dao.DaoImpl:Connection Established
2018-12-03-main-INFO -com.cg.obs.dao.DaoImpl:Connection Established
2018-12-03-main-INFO -com.cg.obs.presentation.Client:selected option is :6
2018-12-03-main-INFO -com.cg.obs.dao.DaoImpl:Connection Established
2018-12-03-main-ERROR-com.cg.obs.dao.DaoImpl:DB error
2018-12-03-main-INFO -com.cg.obs.presentation.Client:log4j configured
2018-12-03-main-INFO -com.cg.obs.presentation.Client:selected option is :2
2018-12-03-main-INFO -com.cg.obs.presentation.Client:log4j configured
2018-12-03-main-INFO -com.cg.obs.presentation.Client:selected option is :2
2018-12-03-main-INFO -com.cg.obs.dao.DaoImpl:Connection Established
2018-12-03-main-INFO -com.cg.obs.dao.DaoImpl:Connection Established
2018-12-03-main-INFO -com.cg.obs.presentation.Client:selected option is :6
2018-12-03-main-INFO -com.cg.obs.dao.DaoImpl:Connection Established
2018-12-03-main-INFO -com.cg.obs.presentation.Client:log4j configured
2018-12-03-main-INFO -com.cg.obs.presentation.Client:selected option is :1
2018-12-03-main-INFO -com.cg.obs.presentation.Client:log4j configured
2018-12-03-main-INFO -com.cg.obs.presentation.Client:selected option is :1
2018-12-03-main-INFO -com.cg.obs.dao.DaoImpl:Connection Established
2018-12-03-main-INFO -com.cg.obs.presentation.Client:log4j configured
2018-12-03-main-INFO -com.cg.obs.presentation.Client:selected option is :1
2018-12-03-main-INFO -com.cg.obs.dao.DaoImpl:Connection Established
2018-12-03-main-INFO -com.cg.obs.presentation.Client:selected option is :2
2018-12-03-main-INFO -com.cg.obs.dao.DaoImpl:Connection Established
2018-12-03-main-INFO -com.cg.obs.presentation.Client:log4j configured
2018-12-03-main-INFO -com.cg.obs.presentation.Client:log4j configured
2018-12-03-main-INFO -com.cg.obs.presentation.Client:selected option is :1
2018-12-03-main-INFO -com.cg.obs.dao.DaoImpl:Connection Established
